<?xml version="1.0" ?>
<coverage version="7.15.2" timestamp="1785218513149" lines-valid="78" lines-covered="77" line-rate="0.9872" branches-covered="0" branches-valid="0" branch-rate="0" complexity="0">
	<!-- Generated by coverage.py: https://coverage.readthedocs.io/en/7.15.2 -->
	<!-- Based on https://raw.githubusercontent.com/cobertura/web/master/htdocs/xml/coverage-04.dtd -->
	<sources>
		<source>/Users/wangguangyou/Desktop/wgy666/backend</source>
	</sources>
	<packages>
		<package name="app.services" line-rate="0.9872" branch-rate="0" complexity="0">
			<classes>
				<class name="issue_classifier.py" filename="app/services/issue_classifier.py" complexity="0" line-rate="0.9872" branch-rate="0">
					<methods/>
					<lines>
						<line number="46" hits="1"/>
						<line number="48" hits="1"/>
						<line number="49" hits="1"/>
						<line number="51" hits="1"/>
						<line number="53" hits="1"/>
						<line number="54" hits="1"/>
						<line number="55" hits="1"/>
						<line number="56" hits="1"/>
						<line number="60" hits="1"/>
						<line number="72" hits="1"/>
						<line number="85" hits="1"/>
						<line number="88" hits="1"/>
						<line number="107" hits="1"/>
						<line number="131" hits="1"/>
						<line number="132" hits="1"/>
						<line number="133" hits="1"/>
						<line number="134" hits="1"/>
						<line number="136" hits="1"/>
						<line number="137" hits="1"/>
						<line number="138" hits="1"/>
						<line number="140" hits="1"/>
						<line number="141" hits="1"/>
						<line number="142" hits="1"/>
						<line number="146" hits="1"/>
						<line number="147" hits="1"/>
						<line number="148" hits="1"/>
						<line number="149" hits="1"/>
						<line number="151" hits="1"/>
						<line number="153" hits="1"/>
						<line number="162" hits="1"/>
						<line number="163" hits="1"/>
						<line number="165" hits="1"/>
						<line number="167" hits="1"/>
						<line number="168" hits="1"/>
						<line number="169" hits="1"/>
						<line number="170" hits="1"/>
						<line number="181" hits="1"/>
						<line number="183" hits="1"/>
						<line number="184" hits="1"/>
						<line number="185" hits="1"/>
						<line number="186" hits="1"/>
						<line number="191" hits="1"/>
						<line number="198" hits="1"/>
						<line number="199" hits="1"/>
						<line number="200" hits="1"/>
						<line number="201" hits="1"/>
						<line number="203" hits="1"/>
						<line number="205" hits="1"/>
						<line number="230" hits="1"/>
						<line number="231" hits="1"/>
						<line number="247" hits="1"/>
						<line number="248" hits="1"/>
						<line number="266" hits="1"/>
						<line number="267" hits="1"/>
						<line number="268" hits="1"/>
						<line number="269" hits="1"/>
						<line number="271" hits="1"/>
						<line number="272" hits="1"/>
						<line number="273" hits="1"/>
						<line number="275" hits="1"/>
						<line number="276" hits="1"/>
						<line number="277" hits="1"/>
						<line number="278" hits="1"/>
						<line number="281" hits="1"/>
						<line number="282" hits="1"/>
						<line number="283" hits="1"/>
						<line number="284" hits="1"/>
						<line number="285" hits="1"/>
						<line number="287" hits="1"/>
						<line number="288" hits="1"/>
						<line number="289" hits="1"/>
						<line number="290" hits="0"/>
						<line number="291" hits="1"/>
						<line number="293" hits="1"/>
						<line number="295" hits="1"/>
						<line number="307" hits="1"/>
						<line number="318" hits="1"/>
						<line number="319" hits="1"/>
					</lines>
				</class>
			</classes>
		</package>
	</packages>
</coverage>
