<?xml version="1.0" encoding="utf-8"?><testsuites name="pytest tests"><testsuite name="pytest" errors="0" failures="0" skipped="0" tests="16" time="0.817" timestamp="2026-07-27T15:07:45.230536+08:00" hostname="yjqY9000P"><testcase classname="tests.test_services.test_issue_classifier_unit" name="test_classify_bug_with_weighted_label_signal" time="0.040" /><testcase classname="tests.test_services.test_issue_classifier_unit" name="test_classify_covers_rule_categories[Please add export support-A feature request-labels0-feature_request]" time="0.018" /><testcase classname="tests.test_services.test_issue_classifier_unit" name="test_classify_covers_rule_categories[How to configure this?--labels1-question]" time="0.020" /><testcase classname="tests.test_services.test_issue_classifier_unit" name="test_classify_covers_rule_categories[Update README guide-Documentation typo-labels2-documentation]" time="0.019" /><testcase classname="tests.test_services.test_issue_classifier_unit" name="test_classify_covers_rule_categories[Same as #12-duplicate issue-labels3-duplicate]" time="0.021" /><testcase classname="tests.test_services.test_issue_classifier_unit" name="test_classify_covers_rule_categories[Refactor dependency cleanup--labels4-maintenance]" time="0.023" /><testcase classname="tests.test_services.test_issue_classifier_unit" name="test_classify_covers_rule_categories[-None-labels5-info_needed]" time="0.021" /><testcase classname="tests.test_services.test_issue_classifier_unit" name="test_classify_covers_rule_categories[wontfix-invalid request-labels6-invalid]" time="0.023" /><testcase classname="tests.test_services.test_issue_classifier_unit" name="test_classify_covers_rule_categories[Unexpected wording-No matching terms here-labels7-unknown]" time="0.021" /><testcase classname="tests.test_services.test_issue_classifier_unit" name="test_empty_body_only_signal_has_low_confidence" time="0.021" /><testcase classname="tests.test_services.test_issue_classifier_unit" name="test_summarize_sorts_by_frequency" time="0.022" /><testcase classname="tests.test_services.test_issue_classifier_unit" name="test_async_classify_uses_mocked_llm_response" time="0.021" /><testcase classname="tests.test_services.test_issue_classifier_unit" name="test_async_classify_falls_back_for_invalid_mock_response[None]" time="0.023" /><testcase classname="tests.test_services.test_issue_classifier_unit" name="test_async_classify_falls_back_for_invalid_mock_response[not-json]" time="0.022" /><testcase classname="tests.test_services.test_issue_classifier_unit" name="test_async_classify_falls_back_for_invalid_mock_response[{&quot;category&quot;:&quot;not-valid&quot;}]" time="0.022" /><testcase classname="tests.test_services.test_issue_classifier_unit" name="test_async_classify_falls_back_when_mocked_llm_raises" time="0.021" /></testsuite></testsuites>